[90 91 93 96 93] safe
[3 5 7 10 11 11] safe
[35 37 39 42 46] safe
[67 70 72 74 79] safe
[9 12 13 16 15 16 19] safe
[48 51 52 55 58 61 58 57] not safe
[3 4 7 9 8 9 9] not safe
[22 25 28 30 28 32] safe
[38 41 44 45 42 49] not safe
[54 57 59 59 61] safe
[54 55 55 56 58 55] not safe
[66 68 70 71 72 72 75 75] not safe
[32 35 35 38 42] not safe
[22 24 26 28 28 31 34 41] not safe
[55 57 59 63 64] not safe
[18 21 25 26 28 27] not safe
[39 40 41 43 47 49 50 50] not safe
[10 11 14 17 20 22 26 30] not safe
[35 36 39 40 44 45 52] not safe
[57 59 66 67 70] not safe
[15 17 19 22 29 26] not safe
[66 69 72 75 78 83 83] not safe
[73 76 78 83 86 90] not safe
[23 26 28 35 36 41] not safe
[83 81 82 85 88 90 92 93] not safe
[4 2 3 4 1] not safe
[8 7 8 9 11 13 13] not safe
[71 70 71 73 76 80] not safe
[22 20 21 22 25 31] not safe
[80 78 81 83 82 84 87 88] not safe
[14 13 16 19 18 19 20 18] not safe
[69 68 65 67 67] not safe
[57 55 56 55 59] not safe
[5 4 7 9 11 13 12 18] not safe
[91 88 88 90 92 93] not safe
[47 45 48 48 46] not safe
[58 56 59 60 63 63 63] not safe
[39 37 40 43 43 45 49] not safe
[34 33 36 36 43] not safe
[13 11 13 17 20 23 25] not safe
[11 8 12 14 12] not safe
[2 1 5 7 7] not safe
[8 7 10 14 18] not safe
[38 36 38 40 41 45 48 53] not safe
[68 67 72 75 77 79] not safe
[25 24 26 29 30 37 39 37] not safe
[31 29 31 37 37] not safe
[64 61 62 69 72 76] not safe
[5 2 5 11 14 15 22] not safe
[55 55 58 60 61 64 65] safe
[59 59 61 63 66 65] not safe
[2 2 5 7 9 12 12] not safe
[29 29 31 34 35 38 39 43] not safe
[42 42 44 46 49 51 54 61] not safe
[89 89 90 93 96 94 96 98] not safe
[41 41 39 40 41 43 45 42] not safe
[36 36 38 35 37 37] not safe
[1 1 4 2 6] not safe
[36 36 39 41 40 42 47] not safe
[29 29 29 32 35 36] not safe
[24 24 26 29 31 31 29] not safe
[58 58 58 60 60] not safe
[56 56 56 58 62] not safe
[73 73 76 76 79 86] not safe
[49 49 52 56 59] not safe
[11 11 12 13 17 18 15] not safe
[63 63 67 70 70] not safe
[82 82 86 89 90 91 94 98] not safe
[38 38 40 42 45 49 54] not safe
[16 16 21 22 23] not safe
[45 45 51 54 51] not safe
[6 6 7 10 13 14 20 20] not safe
[22 22 23 29 30 32 33 37] not safe
[7 7 13 14 21] not safe
[81 85 87 89 90 92 95 97] safe
[75 79 80 81 79] not safe
[56 60 61 63 65 65] not safe
[67 71 74 75 79] not safe
[4 8 11 13 15 18 23] not safe
[83 87 85 87 90 93 95] safe
[90 94 95 93 94 93] not safe
[87 91 92 93 96 94 94] not safe
[34 38 39 36 38 39 43] not safe
[4 8 9 7 10 17] not safe
[23 27 28 30 33 33 34 36] not safe
[11 15 15 17 16] not safe
[38 42 44 47 48 49 49 49] not safe
[43 47 49 49 52 55 59] not safe
[79 83 85 85 92] not safe
[16 20 24 26 29 30] not safe
[77 81 83 87 90 92 89] not safe
[33 37 39 42 44 48 51 51] not safe
[71 75 79 81 85] not safe
[69 73 76 77 81 88] not safe
[33 37 42 44 47 50 53] not safe
[13 17 20 23 28 26] not safe
[51 55 56 59 60 62 67 67] not safe
[35 39 41 43 49 52 56] not safe
[60 64 70 71 76] not safe
[25 32 34 37 38 41] safe
[1 6 8 10 12 9] not safe
[20 27 29 30 30] not safe
[52 59 60 62 63 64 65 69] not safe
[71 78 80 81 84 85 90] not safe
[64 71 73 71 72 73 76] not safe
[67 72 75 76 74 76 77 76] not safe
[38 43 40 41 41] not safe
[2 8 11 9 13] not safe
[72 79 80 79 80 86] not safe
[21 26 26 29 31] not safe
[72 78 79 79 81 83 81] not safe
[76 81 84 84 85 85] not safe
[42 47 50 53 53 54 58] not safe
[14 21 23 25 26 29 29 35] not safe
[83 88 90 93 97 98] not safe
[17 22 26 29 30 31 28] not safe
[46 52 54 58 58] not safe
[22 28 32 33 37] not safe
[65 71 73 77 82] not safe
[64 71 73 75 78 81 88 89] not safe
[42 47 50 55 56 54] not safe
[69 74 77 79 85 85] not safe
[54 59 62 68 72] not safe
[40 45 46 51 53 55 61] not safe
[55 53 50 47 44 43 40 42] safe
[94 91 90 89 86 85 85] safe
[52 50 47 46 44 40] safe
[52 49 47 45 43 38] safe
[88 87 88 85 84 82 81 78] safe
[95 93 96 93 94] not safe
[84 83 84 83 83] not safe
[70 67 65 64 61 64 60] safe
[98 97 98 97 95 94 92 86] not safe
[29 27 24 24 22] safe
[34 31 30 30 28 29] not safe
[83 81 78 78 77 75 75] not safe
[60 59 59 58 57 55 52 48] not safe
[97 96 96 95 93 88] not safe
[50 49 47 43 42 41 39] not safe
[45 43 39 38 37 40] not safe
[91 89 85 83 83] not safe
[20 18 14 11 7] not safe
[82 81 79 76 75 71 66] not safe
[45 43 42 40 33 30 28 25] not safe
[92 91 85 84 85] not safe
[30 29 24 21 18 15 14 14] not safe
[31 28 27 26 21 18 14] not safe
[38 35 34 33 31 28 22 17] not safe
[46 47 45 43 41] safe
[89 90 88 86 84 83 84] not safe
[68 71 69 68 66 66] not safe
[71 73 72 69 65] not safe
[44 46 43 41 38 32] not safe
[8 11 9 12 11 10] not safe
[49 51 49 48 50 52] not safe
[75 76 79 76 76] not safe
[67 70 71 70 66] not safe
[51 53 54 53 50 48 47 42] not safe
[67 69 66 65 65 62] not safe
[57 59 59 58 55 53 54] not safe
[66 67 66 66 63 63] not safe
[49 50 49 46 46 43 40 36] not safe
[50 52 52 50 49 47 40] not safe
[22 23 20 16 13 11 10 8] not safe
[29 31 30 26 23 26] not safe
[46 47 43 42 42] not safe
[65 68 67 64 63 59 55] not safe
[68 69 67 64 60 58 53] not safe
[87 90 87 82 80 79 78 77] not safe
[43 44 43 41 34 37] not safe
[13 14 13 11 10 4 4] not safe
[77 78 76 74 69 67 63] not safe
[69 71 69 63 61 54] not safe
[32 32 29 26 25 22 20 19] safe
[99 99 98 97 96 98] not safe
[91 91 89 88 86 86] not safe
[26 26 23 21 17] not safe
[45 45 43 42 40 37 36 30] not safe
[41 41 39 42 39 37] not safe
[7 7 6 8 7 4 2 4] not safe
[30 30 33 32 31 29 27 27] not safe
[58 58 55 53 50 53 49] not safe
[31 31 28 31 25] not safe
[35 35 35 32 30] not safe
[46 46 46 43 44] not safe
[38 38 38 37 37] not safe
[77 77 74 71 71 69 65] not safe
[70 70 68 65 65 62 60 54] not safe
[60 60 58 54 51 48 45 43] not safe
[32 32 28 27 26 23 21 24] not safe
[43 43 41 40 36 36] not safe
[72 72 70 66 62] not safe
[25 25 23 19 13] not safe
[68 68 67 65 62 61 56 54] not safe
[74 74 71 69 67 60 59 61] not safe
[40 40 37 32 32] not safe
[73 73 66 64 61 57] not safe
[47 47 41 40 35] not safe
[84 80 77 75 73 70 68] safe
[93 89 88 86 85 82 80 81] not safe
[35 31 30 28 27 26 25 25] not safe
[28 24 22 21 18 17 13] not safe
[34 30 28 27 25 22 20 15] not safe
[17 13 10 7 10 7] not safe
[95 91 94 92 90 92] not safe
[20 16 13 12 13 11 9 9] not safe
[58 54 53 52 54 52 48] not safe
[86 82 83 82 77] not safe
[28 24 21 21 20] not safe
[97 93 93 91 92] not safe
[28 24 23 20 18 18 18] not safe
[38 34 32 32 30 28 27 23] not safe
[53 49 47 46 45 44 44 39] not safe
[69 65 62 61 57 56 53] not safe
[48 44 42 40 39 35 38] not safe
[73 69 67 63 63] not safe
[59 55 53 51 47 44 41 37] not safe
[83 79 76 73 71 68 64 57] not safe
[23 19 17 16 14 9 8] not safe
[51 47 45 38 41] not safe
[77 73 70 68 63 61 60 60] not safe
[26 22 21 20 18 17 11 7] not safe
[31 27 26 21 14] not safe
[34 27 25 22 19] safe
[78 71 70 67 70] not safe
[62 56 53 50 48 46 46] not safe
[18 12 11 9 5] not safe
[79 74 72 69 67 66 65 58] not safe
[10 5 6 3 1] not safe
[69 63 65 63 60 62] not safe
[60 54 51 49 52 50 50] not safe
[28 23 25 24 21 17] not safe
[58 51 52 50 49 46 41] not safe
[49 44 44 41 39 36] not safe
[47 40 38 38 37 36 35 38] not safe
[48 43 41 40 37 37 37] not safe
[87 82 80 77 77 73] not safe
[24 18 18 16 15 14 9] not safe
[83 77 73 71 68 67 66 64] not safe
[58 53 49 47 48] not safe
[50 45 44 40 38 38] not safe
[34 29 28 24 22 21 20 16] not safe
[48 42 41 39 35 29] not safe
[94 89 83 82 80 78] not safe
[65 58 51 49 46 48] not safe
[51 46 43 40 33 32 29 29] not safe
[53 48 45 43 37 33] not safe
[85 80 79 74 71 70 63] not safe
[9 11 13 14 15 18 19 17] safe
[88 91 93 95 96 96] safe
[2 4 6 7 9 13] safe
[59 60 63 66 68 69 74] safe
[16 17 16 19 20 22] safe
[20 22 19 21 18] not safe
[11 12 14 15 13 16 16] not safe
[24 25 26 23 27] safe
[83 84 85 84 87 88 94] not safe
[41 42 45 45 48 50 51] safe
[38 41 42 45 45 48 50 48] not safe
[73 75 75 78 78] not safe
[68 69 70 70 73 76 79 83] not safe
[58 61 64 64 65 66 73] not safe
[32 33 34 36 40 41 43] not safe
[35 36 37 41 42 44 43] not safe
[79 81 82 83 87 89 92 92] not safe
[54 55 57 58 62 66] not safe
[33 35 36 40 42 49] not safe
[15 17 22 23 26] not safe
[18 20 27 29 31 33 32] not safe
[79 81 83 84 90 91 91] not safe
[32 33 35 41 45] not safe
[75 77 80 83 89 91 98] not safe
[14 12 14 15 16 17] not safe
[89 86 89 92 93 94 95 92] not safe
[56 55 58 61 61] not safe
[41 40 42 43 45 48 50 54] not safe
[56 54 56 58 65] not safe
[61 59 56 58 61] not safe
[59 57 60 61 60 57] not safe
[24 23 25 27 24 25 27 27] not safe
[90 87 88 86 88 92] not safe
[11 8 6 9 10 11 18] not safe
[74 73 73 75 78 80] not safe
[88 85 88 88 86] not safe
[92 91 92 92 94 94] not safe
[5 2 2 4 8] not safe
[42 41 43 46 48 48 54] not safe
[62 60 62 63 65 69 70 72] not safe
[91 88 92 95 94] not safe
[48 47 51 52 54 54] not safe
[20 18 19 20 21 25 27 31] not safe
[80 77 80 84 90] not safe
[56 53 56 57 60 67 70] not safe
[8 5 10 13 16 15] not safe
[39 38 40 43 50 52 52] not safe
[54 51 54 61 64 67 71] not safe
[58 55 61 62 64 67 70 76] not safe
[67 67 69 72 73 76 79 82] safe
[11 11 14 15 18 20 19] not safe
[63 63 66 68 70 72 72] not safe
[26 26 28 31 33 36 40] not safe
[67 67 68 70 73 76 78 83] not safe
[8 8 11 13 15 12 13 16] not safe
[13 13 10 13 16 17 20 18] not safe
[49 49 48 51 53 55 55] not safe
[37 37 39 38 42] not safe
[85 85 87 84 91] not safe
[21 21 23 23 25] not safe
[56 56 59 60 60 63 61] not safe
[37 37 39 42 45 45 45] not safe
[49 49 51 54 57 58 58 62] not safe
[31 31 31 32 34 36 42] not safe
[67 67 68 70 73 76 80 81] not safe
[9 9 12 13 16 20 18] not safe
[73 73 76 78 80 81 85 85] not safe
[60 60 61 65 68 71 75] not safe
[7 7 11 12 19] not safe
[44 44 45 46 47 53 55] not safe
[16 16 21 22 25 28 27] not safe
[9 9 10 15 18 21 24 24] not safe
[83 83 84 87 89 94 98] not safe
[24 24 27 29 36 37 43] not safe
[81 85 86 88 91 94 95 97] safe
[41 45 46 49 51 50] not safe
[31 35 36 37 38 39 39] not safe
[56 60 61 62 65 69] not safe
[74 78 79 81 82 88] not safe
[12 16 17 14 15 18] not safe
[58 62 63 65 63 65 63] not safe
[39 43 42 45 48 49 49] not safe
[57 61 59 61 63 64 66 70] not safe
[1 5 6 5 7 9 14] not safe
[70 74 77 77 78 81 84 85] not safe
[25 29 31 31 33 34 36 35] not safe
[57 61 61 63 63] not safe
[76 80 82 82 86] not safe
[28 32 34 35 35 37 44] not safe
[52 56 60 63 64] not safe
[10 14 16 18 22 25 28 26] not safe
[62 66 67 70 73 77 79 79] not safe
[42 46 50 53 54 55 56 60] not safe
[10 14 18 21 23 30] not safe
[72 76 77 82 83] not safe
[29 33 36 37 40 43 49 47] not safe
[79 83 85 90 90] not safe
[63 67 68 70 71 72 78 82] not safe
[20 24 27 29 32 39 44] not safe
[56 61 62 65 67] safe
[58 65 66 69 70 72 71] not safe
[29 36 39 41 41] not safe
[70 77 80 83 84 88] not safe
[39 45 46 49 55] not safe
[45 52 55 54 57 59 62 63] not safe
[14 19 20 22 19 21 24 23] not safe
[11 18 21 22 24 22 22] not safe
[49 54 57 59 62 65 63 67] not safe
[37 42 39 40 41 48] not safe
[14 19 22 23 26 26 29] not safe
[87 94 95 96 96 93] not safe
[51 58 61 62 64 64 64] not safe
[57 64 65 66 68 68 69 73] not safe
[31 36 38 38 39 46] not safe
[16 23 25 28 31 34 38 39] not safe
[46 53 56 59 63 62] not safe
[46 51 53 56 58 59 63 63] not safe
[39 46 50 51 54 58] not safe
[63 70 71 75 82] not safe
[71 77 78 79 86 88] not safe
[75 81 83 89 91 92 91] not safe
[57 64 65 67 70 72 79 79] not safe
[4 10 13 20 21 23 24 28] not safe
[7 12 15 20 25] not safe
[74 72 71 69 68 65 68] safe
[79 77 74 73 73] safe
[60 59 57 56 52] safe
[32 31 28 25 18] safe
[35 32 33 31 28] safe
[30 29 31 29 26 25 22 23] not safe
[10 9 8 7 5 7 7] not safe
[68 67 66 64 65 61] safe
[68 66 64 66 63 62 56] not safe
[74 73 73 71 69 67 66 64] safe
[92 91 88 88 90] not safe
[48 47 44 44 43 43] not safe
[45 42 40 40 39 35] not safe
[51 48 48 45 42 39 32] not safe
[93 90 89 85 82] not safe
[83 81 78 74 73 75] not safe
[82 79 75 72 69 68 68] not safe
[76 75 73 72 70 67 63 59] not safe
[95 93 89 88 81] not safe
[70 69 68 61 58 56 53] not safe
[99 98 97 90 92] not safe
[33 30 23 20 18 15 15] not safe
[82 79 76 71 69 68 65 61] not safe
[28 25 23 16 14 12 10 4] not safe
[14 15 13 12 9 8 5] safe
[67 68 67 64 63 61 59 61] not safe
[84 86 85 83 83] not safe
[43 46 45 43 39] not safe
[45 46 44 41 40 34] not safe
[45 48 46 43 41 44 43 42] not safe
[19 21 20 22 24] safe
[68 69 68 69 66 66] not safe
[33 34 32 35 31] not safe
[88 91 90 92 90 85] not safe
[30 31 30 27 26 26 24 22] not safe
[35 38 36 36 38] not safe
[7 9 9 7 7] not safe
[39 41 38 38 34] not safe
[30 31 28 28 22] not safe
[43 46 42 41 38 36 33] safe
[74 75 73 69 72] not safe
[20 23 20 17 15 11 11] not safe
[56 57 54 50 47 46 44 40] not safe
[20 21 18 16 12 10 4] not safe
[44 45 43 37 34] not safe
[47 48 46 45 43 42 36 38] not safe
[51 52 50 44 41 41] not safe
[37 40 35 34 32 28] not safe
[94 97 94 91 90 87 82 77] not safe
[88 88 85 82 80 77 74] safe
[87 87 84 81 80 83] not safe
[67 67 65 64 64] not safe
[68 68 65 62 58] not safe
[32 32 29 26 23 18] not safe
[64 64 65 64 63 61] not safe
[66 66 67 65 68] not safe
[79 79 76 77 74 73 73] not safe
[68 68 69 67 65 64 63 59] not safe
[75 75 72 75 74 72 65] not safe
[73 73 71 70 70 69] not safe
[96 96 94 92 92 89 91] not safe
[43 43 41 41 40 40] not safe
[95 95 94 94 91 89 85] not safe
[69 69 66 66 59] not safe
[55 55 54 52 48 46 44] not safe
[28 28 26 25 23 19 18 21] not safe
[27 27 25 24 20 20] not safe
[17 17 13 10 6] not safe
[86 86 85 81 76] not safe
[53 53 52 49 44 43 41] not safe
[91 91 90 85 84 81 84] not safe
[96 96 90 87 84 81 78 78] not safe
[76 76 74 71 70 63 59] not safe
[46 46 44 41 40 34 27] not safe
[52 48 46 43 42 41] safe
[58 54 52 49 50] not safe
[76 72 70 68 65 65] not safe
[23 19 18 15 13 11 10 6] not safe
[26 22 19 16 11] not safe
[46 42 40 37 40 38 35] not safe
[19 15 14 13 10 11 8 10] not safe
[91 87 85 83 81 78 81 81] not safe
[77 73 75 74 72 69 68 64] not safe
[39 35 32 35 32 27] not safe
[94 90 89 86 86 84 82] not safe
[99 95 94 92 92 94] not safe
[53 49 48 48 48] not safe
[86 82 80 80 78 75 71] not safe
[42 38 38 36 29] not safe
[31 27 25 21 18 17] not safe
[84 80 76 73 74] not safe
[86 82 81 79 75 75] not safe
[46 42 38 36 32] not safe
[69 65 64 60 53] not safe
[82 78 75 69 66 65 63] not safe
[93 89 86 81 82] not safe
[91 87 86 84 77 77] not safe
[31 27 25 23 22 15 11] not safe
[95 91 88 81 78 77 72] not safe
[40 34 32 29 28 25] safe
[79 72 69 68 65 62 59 60] not safe
[80 73 72 71 69 66 66] not safe
[95 88 85 84 82 78] not safe
[31 25 24 23 21 15] not safe
[34 29 30 27 24 21 20 19] not safe
[72 65 63 62 59 60 61] not safe
[14 8 9 7 5 5] not safe
[75 69 72 70 67 64 63 59] not safe
[72 66 63 64 62 59 53] not safe
[26 20 19 17 17 14] not safe
[89 84 84 82 79 78 75 78] not safe
[65 59 57 57 55 52 49 49] not safe
[17 10 9 8 8 4] not safe
[52 45 44 44 41 39 32] not safe
[16 11 8 4 2] not safe
[49 43 39 38 36 33 36] not safe
[77 70 69 68 64 64] not safe
[68 61 58 55 51 48 44] not safe
[41 34 30 28 27 20] not safe
[35 28 27 24 17 15] not safe
[43 38 35 32 30 29 22 24] not safe
[68 61 58 53 53] not safe
[23 16 11 8 4] not safe
[53 47 45 44 37 34 28] not safe
[75 71 68 68 65 64 58] not safe
[62 66 67 70 67 69 69] not safe
[26 30 31 34 37 44 46 46] not safe
[77 79 77 80 79 77 80] not safe
[28 33 34 35 37 41 43] not safe
[74 76 80 82 83 86 89 96] not safe
[39 35 37 36 31] not safe
[34 36 34 32 28] not safe
[56 54 53 48 45 41] not safe
[68 70 69 67 65 63 62] not safe
[41 44 45 48 52 53 56 53] not safe
[84 84 77 75 72 72] not safe
[84 86 83 85 88 87] not safe
[66 66 71 72 73 75 81] not safe
[76 76 77 79 80 82 88 89] not safe
[30 26 23 20 19 15 10] not safe
[42 38 36 34 33 33 35] not safe
[34 32 30 28 23 20 18 11] not safe
[35 38 37 35 35 33] not safe
[72 68 67 66 64 67 65 62] not safe
[74 70 66 64 61 61] not safe
[30 33 35 37 41] safe
[38 42 45 47 50 56] not safe
[62 65 67 65 65] not safe
[30 31 33 37 38] not safe
[41 34 30 28 27 25 24 25] not safe
[71 73 75 74 79] not safe
[74 73 70 64 62 62] not safe
[81 85 86 88 88 88] not safe
[87 83 84 81 79 75] not safe
[56 58 56 53 50 48 46 41] not safe
[54 48 44 42 42] not safe
[40 42 40 39 38 32 30 30] not safe
[52 55 57 60 61 64 66 66] safe
[68 67 70 73 74 77 82 81] not safe
[70 71 76 78 82] not safe
[54 57 59 63 67] not safe
[78 84 85 85 86 90] not safe
[12 19 20 21 22 20 23 23] not safe
[80 80 79 80 76] not safe
[84 79 79 78 78] not safe
[7 8 11 14 16 18 19 25] safe
[12 12 11 9 11 5] not safe
[11 15 19 20 18] not safe
[82 83 86 88 88 90 91] safe
[18 15 12 12 11 9 11] not safe
[24 31 32 35 39 43] not safe
[6 4 6 5 6 12] not safe
[64 68 73 75 78 80 81 85] not safe
[43 47 48 46 47 54] not safe
[7 10 11 13 17 20 20] not safe
[52 46 45 44 43 42] safe
[41 43 43 40 40] not safe
[79 81 78 74 71 70 66] not safe
[63 62 64 67 70 71 71] not safe
[13 17 20 26 28] not safe
[18 15 13 16 19 22 23 20] not safe
[81 77 71 68 67] not safe
[28 22 18 15 12 9 8] not safe
[30 30 32 35 36] safe
[40 40 41 43 44 47 47] not safe
[96 96 97 97 95] not safe
[55 55 59 60 63 67] not safe
[44 51 51 53 60] not safe
[23 30 31 32 35 36 36] not safe
[54 54 56 59 61 67 68 68] not safe
[76 76 79 80 81 84 84 91] not safe
[33 26 23 22 22 21 22] not safe
[88 88 88 86 79] not safe
[35 39 42 44 48 54] not safe
[87 87 88 90 88 89 89] not safe
[17 11 8 11 8 9] not safe
[32 36 37 40 41] safe
[72 73 72 70 67 65 66 64] not safe
[49 55 57 55 57 60 61 64] not safe
[20 20 19 20 17] not safe
[37 36 39 38 37 34] not safe
[28 30 27 26 25 23 18 20] not safe
[17 16 14 10 6] not safe
[87 83 78 75 74 71 70 72] not safe
[1 5 9 12 14 14] not safe
[30 29 30 29 25] not safe
[41 41 44 44 46] not safe
[81 79 77 76 73] safe
[32 29 27 24 21 18 17] safe
[33 36 39 41 43] safe
[59 60 61 62 63 64 67 70] safe
[16 17 20 22 23] safe
[54 57 58 60 61 63 64 65] safe
[13 12 11 9 7 6 4] safe
[39 42 43 46 48 49] safe
[73 74 75 76 79 80 83 85] safe
[45 48 51 52 54 57 58] safe
[31 28 25 24 23] safe
[63 60 57 56 55 52] safe
[26 27 28 30 32 35] safe
[29 32 34 35 36 38] safe
[28 29 30 33 35 36 37] safe
[35 36 37 40 42 44 47] safe
[87 85 82 79 77 76] safe
[16 14 12 10 8 6 5 3] safe
[74 71 68 65 63] safe
[22 21 19 18 17] safe
[51 48 45 42 41 38 35 32] safe
[59 58 56 54 52] safe
[36 35 34 32 31 30] safe
[75 78 79 81 83 84] safe
[80 82 85 88 91 93 94] safe
[29 31 32 35 38 41] safe
[83 84 87 89 90 91] safe
[16 19 21 24 27 29] safe
[35 36 39 41 43] safe
[22 25 26 29 32 33] safe
[34 31 28 25 22 20 18] safe
[50 47 44 41 39 37 35 32] safe
[41 39 36 34 32 31] safe
[34 32 31 28 27] safe
[25 23 22 21 20 17] safe
[86 88 90 91 92 94 96] safe
[51 52 55 58 60] safe
[43 41 39 38 36 35 34 33] safe
[36 33 30 29 28] safe
[77 78 79 82 85] safe
[88 85 82 81 79 78 76] safe
[20 22 25 28 30 33 35 37] safe
[16 19 22 25 28 30 32] safe
[98 96 93 91 89 87] safe
[80 77 76 74 72] safe
[5 8 9 12 15 17] safe
[14 13 10 7 5] safe
[37 39 42 45 46 47 48] safe
[1 3 6 8 10 11 14] safe
[18 17 15 14 11 10] safe
[49 48 47 45 43 40 37] safe
[90 89 86 83 80 78] safe
[91 89 86 84 81 79 76] safe
[61 58 55 52 50 49] safe
[77 80 82 83 86 88 89 91] safe
[41 42 43 44 45] safe
[53 51 50 49 47 44 41 38] safe
[92 93 96 97 98] safe
[51 52 53 56 58] safe
[70 69 67 65 62] safe
[21 23 24 25 26 28 31 32] safe
[37 39 42 44 47 49 51 52] safe
[29 31 33 34 35 36 37 38] safe
[26 24 21 18 16 15 12 9] safe
[75 72 71 68 66 63 62] safe
[66 67 70 72 74] safe
[78 77 74 72 71 70] safe
[12 13 15 18 20 21 24 27] safe
[65 64 63 61 60 57] safe
[26 24 23 20 17 15 12] safe
[17 19 22 25 27 30] safe
[88 85 84 81 78 76 75 73] safe
[85 84 81 78 75 72 69 67] safe
[21 19 18 17 14] safe
[62 59 58 55 53 51 50] safe
[93 91 89 86 84 81] safe
[79 82 85 88 89 91] safe
[87 89 91 92 94 97] safe
[98 97 95 94 93 91 88 85] safe
[35 38 41 42 43 44 47] safe
[65 62 61 58 56 55 52] safe
[30 27 26 23 20 17 14] safe
[55 54 53 50 48 47] safe
[80 78 77 75 73 71] safe
[48 51 54 56 57] safe
[40 38 36 35 33] safe
[70 73 76 79 81 84 86 88] safe
[47 45 44 41 40 38 37 34] safe
[35 34 32 29 27] safe
[44 47 50 53 56] safe
[7 9 10 12 13 14] safe
[58 59 62 65 66 67 68] safe
[19 18 16 14 12 10 7] safe
[86 85 83 81 80 78] safe
[56 57 60 63 64 67 68 69] safe
[99 96 93 90 89] safe
[37 36 34 32 31 29] safe
[59 56 53 51 50 48] safe
[73 72 71 70 69 66 65] safe
[53 52 51 50 48 47] safe
[76 75 72 71 68 67 66] safe
[49 52 55 58 60 62] safe
[80 78 75 72 71 68 67] safe
[41 39 37 35 32 29 26 25] safe
[66 67 70 72 73] safe
[54 53 51 49 47 44 43 41] safe
[93 96 97 98 99] safe
[75 76 78 80 81 82 83] safe
[45 43 40 39 37 34] safe
[4 6 8 11 12] safe
[46 43 41 39 36 34 31] safe
[61 58 55 54 52 50 47 45] safe
[16 14 11 8 6] safe
[75 76 79 81 82 83] safe
[47 45 43 41 38 37 34 31] safe
[90 89 88 85 84 82 80] safe
[49 47 44 43 41 39 36] safe
[15 13 12 11 10 7 5 2] safe
[99 97 95 94 93] safe
[9 10 12 15 18 21 23] safe
[8 11 13 14 15 16] safe
[27 30 32 35 36 37 39 40] safe
[56 59 62 64 67 69] safe
[60 63 64 66 67 70 72] safe
[48 50 51 53 54] safe
[51 48 45 44 42 41 39 36] safe
[58 60 63 64 66 67 68 71] safe
[74 72 71 70 67] safe
[89 86 84 83 81 78 76 75] safe
[74 76 79 80 83 85 87 89] safe
[95 94 93 90 88 85] safe
[24 27 28 30 31 33] safe
[62 63 66 67 69 71] safe
[68 70 72 74 77] safe
[23 22 19 16 15] safe
[3 5 7 8 10 11 14 17] safe
[82 85 86 88 89 90] safe
[12 10 7 6 3 2] safe
[41 42 43 44 47 50] safe
[16 19 22 23 24 27] safe
[55 52 49 47 44] safe
[83 82 80 79 78 75 72] safe
[81 80 79 77 76 75 72] safe
[41 39 38 36 35 34] safe
[21 24 27 28 29 32 33 34] safe
[79 78 75 72 71 70 67 66] safe
[62 59 56 55 54 51] safe
[85 86 88 91 92 94 97 99] safe
[69 67 65 64 61 59] safe
[54 55 58 61 64] safe
[75 77 80 82 83 86 88] safe
[10 11 12 13 14 15 17 19] safe
[69 72 74 76 78 80 81] safe
[93 92 89 87 84 82] safe
[44 41 38 37 35 34 33] safe
[99 98 95 92 91 88 87 84] safe
[40 37 35 33 30 27 24 23] safe
[4 7 10 12 14 17] safe
[74 77 80 82 84] safe
[33 34 37 38 40 42 43 46] safe
[29 27 26 23 22 19] safe
[57 59 62 64 66] safe
[17 14 11 10 7 6 3 2] safe
[79 76 73 70 69 68] safe
[51 48 46 44 42 40 38] safe
[40 41 43 45 46 47 49] safe
[14 11 9 8 6 3] safe
[16 15 12 9 8 5 4] safe
[68 67 66 64 63 60 58 56] safe
[32 31 30 29 28] safe
[36 39 40 42 45 46] safe
[27 29 32 35 36 37 39] safe
[89 88 87 85 84 81 78 77] safe
[42 40 38 35 33 32 29 27] safe
[50 47 46 45 42] safe
[68 69 71 74 76 77] safe
[23 25 27 28 30 32 33 35] safe
[7 9 12 14 16 17 20 21] safe
[77 74 72 71 70 69 67 66] safe
[11 9 7 6 5 3] safe
[23 22 20 18 17 15 14 12] safe
[84 85 88 90 91] safe
[50 51 54 57 60 63 64] safe
[66 68 70 73 74 75] safe
[77 78 81 82 85] safe
[38 41 42 44 47 50 51 52] safe
[89 90 91 93 94 97] safe
[36 39 41 43 44] safe
[19 22 23 26 27 30] safe
[29 27 24 22 20] safe
[27 25 22 19 18] safe
[31 34 35 36 37 40 41 44] safe
[91 92 93 95 98] safe
[67 70 73 74 76] safe
[17 18 19 22 25 27 29] safe
[35 33 30 29 26 24 22 21] safe
[13 11 10 7 5 4 3] safe
[78 76 75 73 72 70 68 66] safe
[86 87 88 90 91] safe
[22 21 18 17 14 12 10] safe
[67 68 71 74 77 80] safe
[50 53 56 57 59 62 65] safe
[70 71 72 73 74 77 80] safe
[53 55 56 58 59 60 63] safe
[44 42 40 39 37 35] safe
[39 38 36 33 30 28 26] safe
[50 48 47 45 44 41] safe
[51 48 46 45 44 42 39] safe
[87 85 82 79 78 77 76] safe
[76 75 74 73 71 68] safe
[67 69 72 73 76 79 80 81] safe
[68 65 63 61 60] safe
[70 68 66 65 63 60] safe
[49 50 53 56 59 62] safe
[37 40 41 43 44 47 50 52] safe
[66 65 63 61 58 55] safe
[41 38 35 34 32 31] safe
[33 32 31 28 25 23] safe
[42 41 39 38 36 35 32 30] safe
[51 48 47 45 43 42] safe
[49 47 45 42 39 38 36] safe
[86 83 80 79 76 73 72 71] safe
[52 53 56 58 61 62 63] safe
[54 57 59 61 62] safe
[2 4 6 7 10] safe
[7 10 11 12 13 14 16 19] safe
[67 69 71 72 73 74] safe
[36 37 38 41 43 46 49 50] safe
[72 75 76 79 80 81] safe
[12 11 10 7 6] safe
[26 28 29 31 34 36] safe
[66 63 62 61 58] safe
[46 43 41 39 36 34 33 31] safe
[37 39 41 44 47 50 51 53] safe
[22 19 18 16 13] safe
[20 22 25 26 27] safe
[68 65 64 62 60] safe
[9 10 13 16 18 20 21] safe
[51 53 56 59 62] safe
[19 20 23 24 26 27 29] safe
[25 22 20 18 16] safe
[50 52 54 56 58 61 62] safe
[27 25 22 21 20 19 16 15] safe
[47 48 51 52 55 56 58] safe
[18 20 21 22 24 26 27 30] safe
[76 77 80 81 82 83 85] safe
[31 33 36 39 40] safe
[23 25 28 31 34 37 38 39] safe
[70 69 68 66 64 62 60] safe
[43 42 41 38 35] safe
[9 10 12 14 16 19 20 22] safe
[65 62 59 58 56 53 50 48] safe
[12 15 18 20 22 23 26 29] safe
[32 35 37 40 41 44 46 47] safe
[60 57 54 53 52 49] safe
[25 28 29 30 31] safe
[91 90 89 87 85 84] safe
[1 4 7 9 10 12] safe
[24 25 26 29 32 33] safe
[39 41 44 45 47 49 50] safe
[37 34 33 31 28 26 24] safe
[54 57 59 61 62 63] safe
[92 89 86 84 81 79 78] safe
[42 45 47 50 52 55] safe
[24 27 28 29 32 34 35] safe
[8 5 4 3 1] safe
[13 15 18 19 22 25 28] safe
[61 59 58 56 53 50] safe
[7 9 12 15 16 18] safe
[13 15 16 19 21] safe
[82 81 78 75 74] safe
[6 8 10 13 16] safe
[33 31 29 28 25 24 23 20] safe
[12 10 9 7 4] safe
[1 3 5 8 11 14 17 19] safe
[31 28 26 24 21] safe
[22 23 25 27 28 31 33] safe
[24 22 20 18 16] safe
[63 66 67 68 71] safe
[51 48 45 44 43] safe
[81 83 84 87 88 89 92 93] safe
[85 82 80 77 75 73] safe
[82 80 77 74 71 68 65 64] safe
[57 58 61 64 65 66] safe
[55 54 51 48 47 44] safe
[7 10 13 14 17 19] safe
[70 68 66 65 64] safe
[57 59 62 65 66 69] safe
[23 21 20 17 16 14 13] safe
[58 57 56 53 52 49 46] safe
[30 31 33 35 38 41 43] safe
[35 36 38 41 43] safe
[45 47 50 53 54 55] safe
[46 49 52 54 55 56 59 62] safe
[56 57 60 61 64 67 68] safe
[28 30 32 34 36 37 39 42] safe
[19 17 16 13 11 9] safe
[9 10 11 13 16 19] safe
[65 63 61 59 58 57 55] safe
[85 82 80 79 76 73 72] safe
[37 35 34 31 30] safe
[67 66 65 62 60 59 56] safe
[51 54 56 58 60 62] safe
[60 57 56 54 52 49] safe
[85 82 81 78 77] safe
[90 89 88 85 83 82 79 78] safe
[41 38 36 33 32] safe
[94 92 90 88 87 86 83 80] safe
[89 87 85 83 81 80 77] safe
[66 67 70 71 73 74 75] safe
[66 65 63 62 61] safe
[75 73 71 69 67 66] safe
[36 34 33 31 30 29 27] safe
[71 69 66 65 62 59 57] safe
[27 25 23 22 19 18 15 13] safe
[55 54 53 51 48] safe
[23 21 18 15 13 11 8 7] safe
[63 66 69 70 72 75 76] safe
[46 44 42 40 37 34 33] safe
[39 38 35 34 33 30 29 28] safe
[10 13 15 18 19 20 21 23] safe
[20 19 18 15 13 10] safe
[65 67 70 71 73 75 78] safe
[60 61 64 65 66 67 70 73] safe
[68 67 64 62 60] safe
[64 63 60 57 55 52] safe
[84 85 88 90 93 96 98 99] safe
[84 87 90 93 96 97 99] safe
[81 83 86 89 91 92 93 94] safe
[42 45 47 48 51 54] safe
[72 74 77 79 81 83 84 86] safe
[54 53 50 49 46 43] safe
[55 57 58 60 62 64 66 68] safe
[20 21 22 23 25 26 27] safe
[53 54 56 58 59 60 61] safe
[67 68 70 72 73 76] safe
[20 17 15 12 10 8] safe
[71 68 65 62 61 60 59 57] safe
[78 76 75 73 72] safe
[25 23 22 19 18 17 15 13] safe
[30 29 27 26 25 23 20 18] safe
[23 24 25 28 29 31 34] safe
[40 43 45 47 49] safe
[44 46 48 51 52 53] safe
[38 36 33 31 28] safe
[28 29 32 34 37 38 40 41] safe
[44 45 46 48 49] safe
[99 96 93 91 89 87 84 82] safe
[49 48 47 45 43] safe
[79 81 84 85 87 89 92] safe
[28 29 32 35 38 39 41 42] safe
[26 23 22 19 16 14 13] safe
[30 27 24 23 20 19] safe
[76 74 71 69 67 64] safe
[99 96 95 94 93 90 88] safe
[69 68 67 64 63 62 60] safe
[88 91 93 95 97] safe
[86 87 90 91 92 95 96] safe
[33 34 36 37 39 40] safe
[65 63 62 59 58] safe
[29 28 26 24 21 19 17] safe
[87 84 81 80 78 77 74 72] safe
[89 87 84 81 78] safe
[76 79 81 84 86 87 88] safe
[48 50 53 54 55] safe
[38 41 42 43 45] safe
[93 90 88 86 84 81 80 77] safe
[87 85 83 80 78] safe
[75 73 71 70 69] safe
[23 21 20 18 15 12 9 6] safe
[89 87 84 81 79] safe
[80 83 85 86 88 91 94] safe
[62 65 66 69 70 71] safe
[28 26 23 21 19] safe
[94 93 90 87 86 83] safe
[19 17 15 13 11 10 8 6] safe
[63 65 67 68 71] safe
[2 3 6 7 10 11] safe
[37 39 42 44 45] safe
[52 54 56 57 60] safe
[54 51 50 49 47] safe
[55 54 53 52 50 47] safe
[78 80 82 85 86] safe
[76 74 73 71 68] safe
[78 79 82 84 85 87 90 93] safe
[52 51 50 49 48] safe
[25 28 30 32 35 36 38] safe
[59 56 55 52 49 46 45 42] safe
[18 19 22 23 25 28 30] safe
[57 56 55 52 51 48 45] safe
[55 53 51 50 47 44] safe
[34 33 32 31 28 25 23] safe
[75 72 71 69 68 67 65 64] safe
[4 7 10 12 13 15 16] safe
[61 59 57 55 54 53 52 49] safe
[72 71 69 68 67 65 62 59] safe
[32 33 34 35 36 37] safe
[21 19 16 15 13 12 10] safe
[56 55 52 50 47 44 43] safe
[66 68 70 73 76 79 82] safe
[12 11 8 5 3 2] safe
[87 89 91 94 96] safe
[81 78 77 74 73 70 69] safe
[75 78 81 82 84 85 87 89] safe
[36 35 34 31 29 27 25 22] safe
[39 38 36 34 31 28 25] safe
[64 65 67 70 72] safe
[82 85 87 88 90 92 94 95] safe
[46 45 43 41 40 38 36 35] safe
[45 47 48 50 53 55] safe
[52 51 50 48 47 46] safe
[59 56 54 52 50 48 46 43] safe
[6 9 12 13 15 18 20 22] safe
[18 16 15 12 9] safe
[14 11 9 6 3 2] safe
[64 62 59 57 55 54] safe
[50 47 45 44 43] safe
[62 64 65 67 70 71 72] safe
[66 67 70 73 74 76 78 80] safe
[61 63 66 68 70] safe
[28 27 24 22 19] safe
Safe count: 473
